<?xml version="1.0" encoding="UTF-8" ?>
<testsuite tests="226" failures="0" name="TestSuite" time="51.257" errors="0" skipped="0">
  <properties>
    <property name="java.runtime.name" value="Java(TM) SE Runtime Environment"/>
    <property name="sun.boot.library.path" value="/Library/Java/JavaVirtualMachines/jdk1.8.0_101.jdk/Contents/Home/jre/lib"/>
    <property name="java.vm.version" value="25.101-b13"/>
    <property name="gopherProxySet" value="false"/>
    <property name="java.vm.vendor" value="Oracle Corporation"/>
    <property name="maven.multiModuleProjectDirectory" value="/Users/vivian/apache-storm-0.9.2-incubating/examples/storm-starter"/>
    <property name="java.vendor.url" value="http://java.oracle.com/"/>
    <property name="path.separator" value=":"/>
    <property name="guice.disable.misplaced.annotation.check" value="true"/>
    <property name="java.vm.name" value="Java HotSpot(TM) 64-Bit Server VM"/>
    <property name="file.encoding.pkg" value="sun.io"/>
    <property name="user.country" value="US"/>
    <property name="sun.java.launcher" value="SUN_STANDARD"/>
    <property name="sun.os.patch.level" value="unknown"/>
    <property name="java.vm.specification.name" value="Java Virtual Machine Specification"/>
    <property name="user.dir" value="/Users/vivian/apache-storm-0.9.2-incubating/examples/storm-starter"/>
    <property name="java.runtime.version" value="1.8.0_101-b13"/>
    <property name="java.awt.graphicsenv" value="sun.awt.CGraphicsEnvironment"/>
    <property name="java.endorsed.dirs" value="/Library/Java/JavaVirtualMachines/jdk1.8.0_101.jdk/Contents/Home/jre/lib/endorsed"/>
    <property name="os.arch" value="x86_64"/>
    <property name="java.io.tmpdir" value="/var/folders/01/7vvldl6x25zb0_yw6pbqxwqr0000gn/T/"/>
    <property name="line.separator" value="
"/>
    <property name="java.vm.specification.vendor" value="Oracle Corporation"/>
    <property name="os.name" value="Mac OS X"/>
    <property name="classworlds.conf" value="/usr/local/Cellar/maven/3.3.9/libexec/bin/m2.conf"/>
    <property name="sun.jnu.encoding" value="UTF-8"/>
    <property name="java.library.path" value="/Users/vivian/Library/Java/Extensions:/Library/Java/Extensions:/Network/Library/Java/Extensions:/System/Library/Java/Extensions:/usr/lib/java:."/>
    <property name="java.specification.name" value="Java Platform API Specification"/>
    <property name="java.class.version" value="52.0"/>
    <property name="sun.management.compiler" value="HotSpot 64-Bit Tiered Compilers"/>
    <property name="os.version" value="10.12.1"/>
    <property name="http.nonProxyHosts" value="local|*.local|169.254/16|*.169.254/16"/>
    <property name="user.home" value="/Users/vivian"/>
    <property name="user.timezone" value="America/Denver"/>
    <property name="java.awt.printerjob" value="sun.lwawt.macosx.CPrinterJob"/>
    <property name="java.specification.version" value="1.8"/>
    <property name="file.encoding" value="UTF-8"/>
    <property name="user.name" value="vivian"/>
    <property name="java.class.path" value="/usr/local/Cellar/maven/3.3.9/libexec/boot/plexus-classworlds-2.5.2.jar"/>
    <property name="java.vm.specification.version" value="1.8"/>
    <property name="sun.arch.data.model" value="64"/>
    <property name="java.home" value="/Library/Java/JavaVirtualMachines/jdk1.8.0_101.jdk/Contents/Home/jre"/>
    <property name="sun.java.command" value="org.codehaus.plexus.classworlds.launcher.Launcher package"/>
    <property name="java.specification.vendor" value="Oracle Corporation"/>
    <property name="user.language" value="en"/>
    <property name="awt.toolkit" value="sun.lwawt.macosx.LWCToolkit"/>
    <property name="java.vm.info" value="mixed mode"/>
    <property name="java.version" value="1.8.0_101"/>
    <property name="java.ext.dirs" value="/Users/vivian/Library/Java/Extensions:/Library/Java/JavaVirtualMachines/jdk1.8.0_101.jdk/Contents/Home/jre/lib/ext:/Library/Java/Extensions:/Network/Library/Java/Extensions:/System/Library/Java/Extensions:/usr/lib/java"/>
    <property name="sun.boot.class.path" value="/Library/Java/JavaVirtualMachines/jdk1.8.0_101.jdk/Contents/Home/jre/lib/resources.jar:/Library/Java/JavaVirtualMachines/jdk1.8.0_101.jdk/Contents/Home/jre/lib/rt.jar:/Library/Java/JavaVirtualMachines/jdk1.8.0_101.jdk/Contents/Home/jre/lib/sunrsasign.jar:/Library/Java/JavaVirtualMachines/jdk1.8.0_101.jdk/Contents/Home/jre/lib/jsse.jar:/Library/Java/JavaVirtualMachines/jdk1.8.0_101.jdk/Contents/Home/jre/lib/jce.jar:/Library/Java/JavaVirtualMachines/jdk1.8.0_101.jdk/Contents/Home/jre/lib/charsets.jar:/Library/Java/JavaVirtualMachines/jdk1.8.0_101.jdk/Contents/Home/jre/lib/jfr.jar:/Library/Java/JavaVirtualMachines/jdk1.8.0_101.jdk/Contents/Home/jre/classes"/>
    <property name="java.vendor" value="Oracle Corporation"/>
    <property name="maven.home" value="/usr/local/Cellar/maven/3.3.9/libexec"/>
    <property name="file.separator" value="/"/>
    <property name="java.vendor.url.bug" value="http://bugreport.sun.com/bugreport/"/>
    <property name="sun.cpu.endian" value="little"/>
    <property name="sun.io.unicode.encoding" value="UnicodeBig"/>
    <property name="socksNonProxyHosts" value="local|*.local|169.254/16|*.169.254/16"/>
    <property name="ftp.nonProxyHosts" value="local|*.local|169.254/16|*.169.254/16"/>
    <property name="sun.cpu.isalist" value=""/>
  </properties>
  <testcase classname="storm.starter.bolt.IntermediateRankingsBoltTest" name="negativeOrZeroEmitFrequencyShouldThrowIAE" time="5.212"/>
  <testcase classname="storm.starter.bolt.IntermediateRankingsBoltTest" name="negativeOrZeroEmitFrequencyShouldThrowIAE" time="0"/>
  <testcase classname="storm.starter.bolt.IntermediateRankingsBoltTest" name="negativeOrZeroEmitFrequencyShouldThrowIAE" time="0"/>
  <testcase classname="storm.starter.bolt.IntermediateRankingsBoltTest" name="negativeOrZeroEmitFrequencyShouldThrowIAE" time="0"/>
  <testcase classname="storm.starter.bolt.IntermediateRankingsBoltTest" name="negativeOrZeroEmitFrequencyShouldThrowIAE" time="0"/>
  <testcase classname="storm.starter.bolt.IntermediateRankingsBoltTest" name="negativeOrZeroTopNShouldThrowIAE" time="0"/>
  <testcase classname="storm.starter.bolt.IntermediateRankingsBoltTest" name="negativeOrZeroTopNShouldThrowIAE" time="0"/>
  <testcase classname="storm.starter.bolt.IntermediateRankingsBoltTest" name="negativeOrZeroTopNShouldThrowIAE" time="0"/>
  <testcase classname="storm.starter.bolt.IntermediateRankingsBoltTest" name="negativeOrZeroTopNShouldThrowIAE" time="0"/>
  <testcase classname="storm.starter.bolt.IntermediateRankingsBoltTest" name="negativeOrZeroTopNShouldThrowIAE" time="0"/>
  <testcase classname="storm.starter.bolt.IntermediateRankingsBoltTest" name="positiveEmitFrequencyShouldBeOk" time="0.005"/>
  <testcase classname="storm.starter.bolt.IntermediateRankingsBoltTest" name="positiveEmitFrequencyShouldBeOk" time="0"/>
  <testcase classname="storm.starter.bolt.IntermediateRankingsBoltTest" name="positiveEmitFrequencyShouldBeOk" time="0"/>
  <testcase classname="storm.starter.bolt.IntermediateRankingsBoltTest" name="positiveEmitFrequencyShouldBeOk" time="0"/>
  <testcase classname="storm.starter.bolt.IntermediateRankingsBoltTest" name="positiveTopNShouldBeOk" time="0"/>
  <testcase classname="storm.starter.bolt.IntermediateRankingsBoltTest" name="positiveTopNShouldBeOk" time="0"/>
  <testcase classname="storm.starter.bolt.IntermediateRankingsBoltTest" name="positiveTopNShouldBeOk" time="0.002"/>
  <testcase classname="storm.starter.bolt.IntermediateRankingsBoltTest" name="positiveTopNShouldBeOk" time="0"/>
  <testcase classname="storm.starter.bolt.IntermediateRankingsBoltTest" name="shouldDeclareOutputFields" time="0.094"/>
  <testcase classname="storm.starter.bolt.IntermediateRankingsBoltTest" name="shouldEmitNothingIfNormalTupleIsReceived" time="0.027"/>
  <testcase classname="storm.starter.bolt.IntermediateRankingsBoltTest" name="shouldEmitSomethingIfTickTupleIsReceived" time="0.008"/>
  <testcase classname="storm.starter.bolt.IntermediateRankingsBoltTest" name="shouldSetTickTupleFrequencyInComponentConfigurationToNonZeroValue" time="0.009"/>
  <testcase classname="storm.starter.tools.NthLastModifiedTimeTrackerTest" name="negativeOrZeroNumTimesToTrackShouldThrowIAE" time="0.001"/>
  <testcase classname="storm.starter.tools.NthLastModifiedTimeTrackerTest" name="negativeOrZeroNumTimesToTrackShouldThrowIAE" time="0.004"/>
  <testcase classname="storm.starter.tools.NthLastModifiedTimeTrackerTest" name="negativeOrZeroNumTimesToTrackShouldThrowIAE" time="0"/>
  <testcase classname="storm.starter.tools.NthLastModifiedTimeTrackerTest" name="negativeOrZeroNumTimesToTrackShouldThrowIAE" time="0"/>
  <testcase classname="storm.starter.tools.NthLastModifiedTimeTrackerTest" name="negativeOrZeroNumTimesToTrackShouldThrowIAE" time="0"/>
  <testcase classname="storm.starter.tools.NthLastModifiedTimeTrackerTest" name="positiveNumTimesToTrackShouldBeOk" time="0.002"/>
  <testcase classname="storm.starter.tools.NthLastModifiedTimeTrackerTest" name="positiveNumTimesToTrackShouldBeOk" time="0"/>
  <testcase classname="storm.starter.tools.NthLastModifiedTimeTrackerTest" name="positiveNumTimesToTrackShouldBeOk" time="0"/>
  <testcase classname="storm.starter.tools.NthLastModifiedTimeTrackerTest" name="positiveNumTimesToTrackShouldBeOk" time="0"/>
  <testcase classname="storm.starter.tools.NthLastModifiedTimeTrackerTest" name="shouldReturnCorrectModifiedTimeEvenWhenNotYetMarkedAsModified" time="0.003"/>
  <testcase classname="storm.starter.tools.NthLastModifiedTimeTrackerTest" name="shouldReturnCorrectModifiedTimeEvenWhenNotYetMarkedAsModified" time="0"/>
  <testcase classname="storm.starter.tools.NthLastModifiedTimeTrackerTest" name="shouldReturnCorrectModifiedTimeEvenWhenNotYetMarkedAsModified" time="0"/>
  <testcase classname="storm.starter.tools.NthLastModifiedTimeTrackerTest" name="shouldReturnCorrectModifiedTimeEvenWhenNotYetMarkedAsModified" time="0"/>
  <testcase classname="storm.starter.tools.NthLastModifiedTimeTrackerTest" name="shouldReturnCorrectModifiedTimeEvenWhenNotYetMarkedAsModified" time="0"/>
  <testcase classname="storm.starter.tools.NthLastModifiedTimeTrackerTest" name="shouldReturnCorrectModifiedTimeEvenWhenNotYetMarkedAsModified" time="0"/>
  <testcase classname="storm.starter.tools.NthLastModifiedTimeTrackerTest" name="shouldReturnCorrectModifiedTimeEvenWhenNotYetMarkedAsModified" time="0"/>
  <testcase classname="storm.starter.tools.NthLastModifiedTimeTrackerTest" name="shouldReturnCorrectModifiedTimeEvenWhenNotYetMarkedAsModified" time="0"/>
  <testcase classname="storm.starter.tools.NthLastModifiedTimeTrackerTest" name="shouldReturnCorrectModifiedTimeWhenMarkedAsModified" time="0.003"/>
  <testcase classname="storm.starter.tools.NthLastModifiedTimeTrackerTest" name="shouldReturnCorrectModifiedTimeWhenMarkedAsModified" time="0"/>
  <testcase classname="storm.starter.tools.NthLastModifiedTimeTrackerTest" name="shouldReturnCorrectModifiedTimeWhenMarkedAsModified" time="0"/>
  <testcase classname="storm.starter.tools.NthLastModifiedTimeTrackerTest" name="shouldReturnCorrectModifiedTimeWhenMarkedAsModified" time="0"/>
  <testcase classname="storm.starter.tools.NthLastModifiedTimeTrackerTest" name="shouldReturnCorrectModifiedTimeWhenMarkedAsModified" time="0"/>
  <testcase classname="storm.starter.tools.NthLastModifiedTimeTrackerTest" name="shouldReturnCorrectModifiedTimeWhenMarkedAsModified" time="0"/>
  <testcase classname="storm.starter.tools.NthLastModifiedTimeTrackerTest" name="shouldReturnCorrectModifiedTimeWhenMarkedAsModified" time="0"/>
  <testcase classname="storm.starter.tools.NthLastModifiedTimeTrackerTest" name="shouldReturnCorrectModifiedTimeWhenMarkedAsModified" time="0"/>
  <testcase classname="storm.starter.tools.NthLastModifiedTimeTrackerTest" name="shouldReturnCorrectModifiedTimeWhenMarkedAsModified" time="0"/>
  <testcase classname="storm.starter.tools.NthLastModifiedTimeTrackerTest" name="shouldReturnCorrectModifiedTimeWhenMarkedAsModified" time="0"/>
  <testcase classname="storm.starter.tools.NthLastModifiedTimeTrackerTest" name="shouldReturnCorrectModifiedTimeWhenMarkedAsModified" time="0"/>
  <testcase classname="storm.starter.tools.NthLastModifiedTimeTrackerTest" name="shouldReturnCorrectModifiedTimeWhenMarkedAsModified" time="0.001"/>
  <testcase classname="storm.starter.tools.NthLastModifiedTimeTrackerTest" name="shouldReturnCorrectModifiedTimeWhenMarkedAsModified" time="0"/>
  <testcase classname="storm.starter.tools.NthLastModifiedTimeTrackerTest" name="shouldReturnCorrectModifiedTimeWhenMarkedAsModified" time="0"/>
  <testcase classname="storm.starter.tools.NthLastModifiedTimeTrackerTest" name="shouldReturnCorrectModifiedTimeWhenMarkedAsModified" time="0"/>
  <testcase classname="storm.starter.tools.NthLastModifiedTimeTrackerTest" name="shouldReturnCorrectModifiedTimeWhenMarkedAsModified" time="0.002"/>
  <testcase classname="storm.starter.tools.NthLastModifiedTimeTrackerTest" name="shouldReturnCorrectModifiedTimeWhenMarkedAsModified" time="0"/>
  <testcase classname="storm.starter.tools.NthLastModifiedTimeTrackerTest" name="shouldReturnCorrectModifiedTimeWhenMarkedAsModified" time="0"/>
  <testcase classname="storm.starter.tools.NthLastModifiedTimeTrackerTest" name="shouldReturnCorrectModifiedTimeWhenMarkedAsModified" time="0"/>
  <testcase classname="storm.starter.tools.NthLastModifiedTimeTrackerTest" name="shouldReturnCorrectModifiedTimeWhenMarkedAsModified" time="0"/>
  <testcase classname="storm.starter.tools.NthLastModifiedTimeTrackerTest" name="shouldReturnCorrectModifiedTimeWhenMarkedAsModified" time="0.001"/>
  <testcase classname="storm.starter.tools.NthLastModifiedTimeTrackerTest" name="shouldReturnCorrectModifiedTimeWhenMarkedAsModified" time="0"/>
  <testcase classname="storm.starter.tools.RankableObjectWithFieldsTest" name="constructorWithNegativeCountAndFieldsShouldThrowIAE" time="0"/>
  <testcase classname="storm.starter.tools.RankableObjectWithFieldsTest" name="constructorWithNegativeCountAndNoFieldsShouldThrowIAE" time="0"/>
  <testcase classname="storm.starter.tools.RankableObjectWithFieldsTest" name="constructorWithNullObjectAndFieldsShouldThrowIAE" time="0"/>
  <testcase classname="storm.starter.tools.RankableObjectWithFieldsTest" name="constructorWithNullObjectAndNoFieldsShouldThrowIAE" time="0"/>
  <testcase classname="storm.starter.tools.RankableObjectWithFieldsTest" name="copyShouldReturnCopy" time="0.001"/>
  <testcase classname="storm.starter.tools.RankableObjectWithFieldsTest" name="copyShouldReturnCopy" time="0"/>
  <testcase classname="storm.starter.tools.RankableObjectWithFieldsTest" name="copyShouldReturnCopy" time="0"/>
  <testcase classname="storm.starter.tools.RankableObjectWithFieldsTest" name="fieldsShouldBeImmutable" time="0"/>
  <testcase classname="storm.starter.tools.RankableObjectWithFieldsTest" name="shouldBeEqualToItself" time="0"/>
  <testcase classname="storm.starter.tools.RankableObjectWithFieldsTest" name="shouldBeEqualToTrueDuplicates" time="0.001"/>
  <testcase classname="storm.starter.tools.RankableObjectWithFieldsTest" name="shouldBeEqualToTrueDuplicates" time="0"/>
  <testcase classname="storm.starter.tools.RankableObjectWithFieldsTest" name="shouldBeEqualToTrueDuplicates" time="0"/>
  <testcase classname="storm.starter.tools.RankableObjectWithFieldsTest" name="shouldCreateRankableObjectFromTuple" time="0.006"/>
  <testcase classname="storm.starter.tools.RankableObjectWithFieldsTest" name="shouldHaveDifferentHashCodeThanFalseDuplicates" time="0"/>
  <testcase classname="storm.starter.tools.RankableObjectWithFieldsTest" name="shouldHaveDifferentHashCodeThanFalseDuplicates" time="0"/>
  <testcase classname="storm.starter.tools.RankableObjectWithFieldsTest" name="shouldHaveDifferentHashCodeThanFalseDuplicates" time="0"/>
  <testcase classname="storm.starter.tools.RankableObjectWithFieldsTest" name="shouldHaveDifferentHashCodeThanFalseDuplicates" time="0"/>
  <testcase classname="storm.starter.tools.RankableObjectWithFieldsTest" name="shouldHaveDifferentHashCodeThanFalseDuplicates" time="0"/>
  <testcase classname="storm.starter.tools.RankableObjectWithFieldsTest" name="shouldHaveDifferentHashCodeThanFalseDuplicates" time="0"/>
  <testcase classname="storm.starter.tools.RankableObjectWithFieldsTest" name="shouldHaveSameHashCodeAsTrueDuplicates" time="0"/>
  <testcase classname="storm.starter.tools.RankableObjectWithFieldsTest" name="shouldHaveSameHashCodeAsTrueDuplicates" time="0"/>
  <testcase classname="storm.starter.tools.RankableObjectWithFieldsTest" name="shouldHaveSameHashCodeAsTrueDuplicates" time="0"/>
  <testcase classname="storm.starter.tools.RankableObjectWithFieldsTest" name="shouldNotBeEqualToFalseDuplicates" time="0.001"/>
  <testcase classname="storm.starter.tools.RankableObjectWithFieldsTest" name="shouldNotBeEqualToFalseDuplicates" time="0"/>
  <testcase classname="storm.starter.tools.RankableObjectWithFieldsTest" name="shouldNotBeEqualToFalseDuplicates" time="0"/>
  <testcase classname="storm.starter.tools.RankableObjectWithFieldsTest" name="shouldNotBeEqualToFalseDuplicates" time="0"/>
  <testcase classname="storm.starter.tools.RankableObjectWithFieldsTest" name="shouldNotBeEqualToFalseDuplicates" time="0.002"/>
  <testcase classname="storm.starter.tools.RankableObjectWithFieldsTest" name="shouldNotBeEqualToFalseDuplicates" time="0"/>
  <testcase classname="storm.starter.tools.RankableObjectWithFieldsTest" name="shouldNotBeEqualToInstancesOfOtherClasses" time="0"/>
  <testcase classname="storm.starter.tools.RankableObjectWithFieldsTest" name="shouldNotBeEqualToInstancesOfOtherClasses" time="0"/>
  <testcase classname="storm.starter.tools.RankableObjectWithFieldsTest" name="shouldNotBeEqualToInstancesOfOtherClasses" time="0"/>
  <testcase classname="storm.starter.tools.RankableObjectWithFieldsTest" name="shouldNotBeEqualToInstancesOfOtherClasses" time="0"/>
  <testcase classname="storm.starter.tools.RankableObjectWithFieldsTest" name="shouldReturnTheCount" time="0"/>
  <testcase classname="storm.starter.tools.RankableObjectWithFieldsTest" name="shouldReturnTheFields" time="0"/>
  <testcase classname="storm.starter.tools.RankableObjectWithFieldsTest" name="shouldReturnTheFields" time="0"/>
  <testcase classname="storm.starter.tools.RankableObjectWithFieldsTest" name="shouldReturnTheObject" time="0"/>
  <testcase classname="storm.starter.tools.RankableObjectWithFieldsTest" name="toStringShouldContainStringRepresentationsOfObjectAndCount" time="0.002"/>
  <testcase classname="storm.starter.tools.RankableObjectWithFieldsTest" name="toStringShouldContainStringRepresentationsOfObjectAndCount" time="0.001"/>
  <testcase classname="storm.starter.tools.RankableObjectWithFieldsTest" name="verifyCompareTo" time="0"/>
  <testcase classname="storm.starter.tools.RankableObjectWithFieldsTest" name="verifyCompareTo" time="0.001"/>
  <testcase classname="storm.starter.tools.RankableObjectWithFieldsTest" name="verifyCompareTo" time="0"/>
  <testcase classname="storm.starter.tools.RankableObjectWithFieldsTest" name="verifyCompareTo" time="0"/>
  <testcase classname="storm.starter.tools.RankableObjectWithFieldsTest" name="verifyCompareTo" time="0"/>
  <testcase classname="storm.starter.tools.RankableObjectWithFieldsTest" name="verifyCompareTo" time="0"/>
  <testcase classname="storm.starter.tools.RankableObjectWithFieldsTest" name="verifyCompareTo" time="0"/>
  <testcase classname="storm.starter.tools.RankableObjectWithFieldsTest" name="verifyCompareTo" time="0"/>
  <testcase classname="storm.starter.tools.RankableObjectWithFieldsTest" name="verifyCompareTo" time="0"/>
  <testcase classname="storm.starter.tools.RankableObjectWithFieldsTest" name="verifyCompareTo" time="0"/>
  <testcase classname="storm.starter.tools.RankingsTest" name="constructorWithNegativeOrZeroTopNShouldThrowIAE" time="0"/>
  <testcase classname="storm.starter.tools.RankingsTest" name="constructorWithNegativeOrZeroTopNShouldThrowIAE" time="0.001"/>
  <testcase classname="storm.starter.tools.RankingsTest" name="constructorWithNegativeOrZeroTopNShouldThrowIAE" time="0"/>
  <testcase classname="storm.starter.tools.RankingsTest" name="constructorWithNegativeOrZeroTopNShouldThrowIAE" time="0"/>
  <testcase classname="storm.starter.tools.RankingsTest" name="constructorWithPositiveTopNShouldBeOk" time="0.001"/>
  <testcase classname="storm.starter.tools.RankingsTest" name="constructorWithPositiveTopNShouldBeOk" time="0"/>
  <testcase classname="storm.starter.tools.RankingsTest" name="constructorWithPositiveTopNShouldBeOk" time="0"/>
  <testcase classname="storm.starter.tools.RankingsTest" name="constructorWithPositiveTopNShouldBeOk" time="0"/>
  <testcase classname="storm.starter.tools.RankingsTest" name="copyConstructorShouldReturnCopy" time="0.001"/>
  <testcase classname="storm.starter.tools.RankingsTest" name="copyConstructorShouldReturnCopy" time="0.001"/>
  <testcase classname="storm.starter.tools.RankingsTest" name="copyConstructorShouldReturnCopy" time="0"/>
  <testcase classname="storm.starter.tools.RankingsTest" name="copyConstructorShouldReturnCopy" time="0"/>
  <testcase classname="storm.starter.tools.RankingsTest" name="copyConstructorShouldReturnCopy" time="0"/>
  <testcase classname="storm.starter.tools.RankingsTest" name="copyConstructorShouldReturnDefensiveCopy" time="0.001"/>
  <testcase classname="storm.starter.tools.RankingsTest" name="copyConstructorShouldReturnDefensiveCopy" time="0"/>
  <testcase classname="storm.starter.tools.RankingsTest" name="copyConstructorShouldReturnDefensiveCopy" time="0"/>
  <testcase classname="storm.starter.tools.RankingsTest" name="copyConstructorShouldReturnDefensiveCopy" time="0"/>
  <testcase classname="storm.starter.tools.RankingsTest" name="copyConstructorShouldReturnDefensiveCopy" time="0"/>
  <testcase classname="storm.starter.tools.RankingsTest" name="copyConstructorShouldReturnDefensiveCopy" time="0.002"/>
  <testcase classname="storm.starter.tools.RankingsTest" name="copyShouldReturnCopy" time="0"/>
  <testcase classname="storm.starter.tools.RankingsTest" name="copyShouldReturnCopy" time="0"/>
  <testcase classname="storm.starter.tools.RankingsTest" name="copyShouldReturnCopy" time="0"/>
  <testcase classname="storm.starter.tools.RankingsTest" name="copyShouldReturnCopy" time="0.001"/>
  <testcase classname="storm.starter.tools.RankingsTest" name="copyShouldReturnCopy" time="0"/>
  <testcase classname="storm.starter.tools.RankingsTest" name="copyShouldReturnDefensiveCopy" time="0"/>
  <testcase classname="storm.starter.tools.RankingsTest" name="copyShouldReturnDefensiveCopy" time="0"/>
  <testcase classname="storm.starter.tools.RankingsTest" name="copyShouldReturnDefensiveCopy" time="0"/>
  <testcase classname="storm.starter.tools.RankingsTest" name="copyShouldReturnDefensiveCopy" time="0.001"/>
  <testcase classname="storm.starter.tools.RankingsTest" name="copyShouldReturnDefensiveCopy" time="0"/>
  <testcase classname="storm.starter.tools.RankingsTest" name="copyShouldReturnDefensiveCopy" time="0"/>
  <testcase classname="storm.starter.tools.RankingsTest" name="defaultConstructorShouldSetPositiveTopN" time="0"/>
  <testcase classname="storm.starter.tools.RankingsTest" name="shouldCorrectlyRankWhenEmptyAndUpdatedWithOtherRankings" time="0"/>
  <testcase classname="storm.starter.tools.RankingsTest" name="shouldCorrectlyRankWhenEmptyAndUpdatedWithOtherRankings" time="0"/>
  <testcase classname="storm.starter.tools.RankingsTest" name="shouldCorrectlyRankWhenEmptyAndUpdatedWithOtherRankings" time="0"/>
  <testcase classname="storm.starter.tools.RankingsTest" name="shouldCorrectlyRankWhenEmptyAndUpdatedWithOtherRankings" time="0.001"/>
  <testcase classname="storm.starter.tools.RankingsTest" name="shouldCorrectlyRankWhenNotEmptyAndUpdatedWithOtherRankings" time="0"/>
  <testcase classname="storm.starter.tools.RankingsTest" name="shouldCorrectlyRankWhenNotEmptyAndUpdatedWithOtherRankings" time="0.001"/>
  <testcase classname="storm.starter.tools.RankingsTest" name="shouldCorrectlyRankWhenNotEmptyAndUpdatedWithOtherRankings" time="0"/>
  <testcase classname="storm.starter.tools.RankingsTest" name="shouldCorrectlyRankWhenNotEmptyAndUpdatedWithOtherRankings" time="0"/>
  <testcase classname="storm.starter.tools.RankingsTest" name="shouldCorrectlyRankWhenUpdatedWithEmptyOtherRankings" time="0"/>
  <testcase classname="storm.starter.tools.RankingsTest" name="shouldCorrectlyRankWhenUpdatedWithEmptyOtherRankings" time="0"/>
  <testcase classname="storm.starter.tools.RankingsTest" name="shouldCorrectlyRankWhenUpdatedWithEmptyOtherRankings" time="0"/>
  <testcase classname="storm.starter.tools.RankingsTest" name="shouldCorrectlyRankWhenUpdatedWithEmptyOtherRankings" time="0.004"/>
  <testcase classname="storm.starter.tools.RankingsTest" name="shouldCorrectlyRankWhenUpdatedWithRankables" time="0"/>
  <testcase classname="storm.starter.tools.RankingsTest" name="shouldCorrectlyRankWhenUpdatedWithRankables" time="0"/>
  <testcase classname="storm.starter.tools.RankingsTest" name="shouldCorrectlyRankWhenUpdatedWithRankables" time="0"/>
  <testcase classname="storm.starter.tools.RankingsTest" name="shouldCorrectlyRankWhenUpdatedWithRankables" time="0"/>
  <testcase classname="storm.starter.tools.RankingsTest" name="shouldHaveDefaultConstructor" time="0"/>
  <testcase classname="storm.starter.tools.RankingsTest" name="shouldNotRankDuplicateObjectsMoreThanOnce" time="0"/>
  <testcase classname="storm.starter.tools.RankingsTest" name="shouldNotRankDuplicateObjectsMoreThanOnce" time="0"/>
  <testcase classname="storm.starter.tools.RankingsTest" name="shouldRemoveZeroCounts" time="0"/>
  <testcase classname="storm.starter.tools.RankingsTest" name="shouldRemoveZeroCounts" time="0"/>
  <testcase classname="storm.starter.tools.RankingsTest" name="shouldRemoveZeroCounts" time="0"/>
  <testcase classname="storm.starter.tools.RankingsTest" name="shouldRemoveZeroCounts" time="0"/>
  <testcase classname="storm.starter.tools.RankingsTest" name="shouldRemoveZeroCounts" time="0"/>
  <testcase classname="storm.starter.tools.RankingsTest" name="shouldRemoveZeroCounts" time="0"/>
  <testcase classname="storm.starter.tools.RankingsTest" name="shouldRemoveZeroCounts" time="0"/>
  <testcase classname="storm.starter.tools.RankingsTest" name="sizeOfRankingsShouldNotGrowBeyondTopN" time="0.006"/>
  <testcase classname="storm.starter.tools.RankingsTest" name="sizeOfRankingsShouldNotGrowBeyondTopN" time="0"/>
  <testcase classname="storm.starter.tools.RankingsTest" name="updatingWithNewRankablesShouldBeThreadSafe" time="0.02"/>
  <testcase classname="storm.starter.bolt.RollingCountBoltTest" name="shouldDeclareOutputFields" time="0.003"/>
  <testcase classname="storm.starter.bolt.RollingCountBoltTest" name="shouldEmitNothingIfNoObjectHasBeenCountedYetAndTickTupleIsReceived" time="0.038"/>
  <testcase classname="storm.starter.bolt.RollingCountBoltTest" name="shouldEmitSomethingIfAtLeastOneObjectWasCountedAndTickTupleIsReceived" time="0.001"/>
  <testcase classname="storm.starter.bolt.RollingCountBoltTest" name="shouldSetTickTupleFrequencyInComponentConfigurationToNonZeroValue" time="0.001"/>
  <testcase classname="storm.starter.tools.SlidingWindowCounterTest" name="lessThanTwoSlotsShouldThrowIAE" time="0"/>
  <testcase classname="storm.starter.tools.SlidingWindowCounterTest" name="lessThanTwoSlotsShouldThrowIAE" time="0"/>
  <testcase classname="storm.starter.tools.SlidingWindowCounterTest" name="lessThanTwoSlotsShouldThrowIAE" time="0"/>
  <testcase classname="storm.starter.tools.SlidingWindowCounterTest" name="lessThanTwoSlotsShouldThrowIAE" time="0"/>
  <testcase classname="storm.starter.tools.SlidingWindowCounterTest" name="lessThanTwoSlotsShouldThrowIAE" time="0"/>
  <testcase classname="storm.starter.tools.SlidingWindowCounterTest" name="lessThanTwoSlotsShouldThrowIAE" time="0"/>
  <testcase classname="storm.starter.tools.SlidingWindowCounterTest" name="newInstanceShouldHaveEmptyCounts" time="0"/>
  <testcase classname="storm.starter.tools.SlidingWindowCounterTest" name="testCounterWithSimulatedRuns" time="0.001"/>
  <testcase classname="storm.starter.tools.SlidingWindowCounterTest" name="testCounterWithSimulatedRuns" time="0"/>
  <testcase classname="storm.starter.tools.SlidingWindowCounterTest" name="testCounterWithSimulatedRuns" time="0"/>
  <testcase classname="storm.starter.tools.SlidingWindowCounterTest" name="testCounterWithSimulatedRuns" time="0"/>
  <testcase classname="storm.starter.tools.SlidingWindowCounterTest" name="testCounterWithSimulatedRuns" time="0.002"/>
  <testcase classname="storm.starter.tools.SlidingWindowCounterTest" name="twoOrMoreSlotsShouldBeValid" time="0"/>
  <testcase classname="storm.starter.tools.SlidingWindowCounterTest" name="twoOrMoreSlotsShouldBeValid" time="0"/>
  <testcase classname="storm.starter.tools.SlidingWindowCounterTest" name="twoOrMoreSlotsShouldBeValid" time="0"/>
  <testcase classname="storm.starter.tools.SlotBasedCounterTest" name="negativeOrZeroNumSlotsShouldThrowIAE" time="0"/>
  <testcase classname="storm.starter.tools.SlotBasedCounterTest" name="negativeOrZeroNumSlotsShouldThrowIAE" time="0.001"/>
  <testcase classname="storm.starter.tools.SlotBasedCounterTest" name="negativeOrZeroNumSlotsShouldThrowIAE" time="0"/>
  <testcase classname="storm.starter.tools.SlotBasedCounterTest" name="negativeOrZeroNumSlotsShouldThrowIAE" time="0"/>
  <testcase classname="storm.starter.tools.SlotBasedCounterTest" name="negativeOrZeroNumSlotsShouldThrowIAE" time="0"/>
  <testcase classname="storm.starter.tools.SlotBasedCounterTest" name="newInstanceShouldHaveEmptyCounts" time="0"/>
  <testcase classname="storm.starter.tools.SlotBasedCounterTest" name="positiveNumSlotsShouldBeOk" time="0.001"/>
  <testcase classname="storm.starter.tools.SlotBasedCounterTest" name="positiveNumSlotsShouldBeOk" time="0"/>
  <testcase classname="storm.starter.tools.SlotBasedCounterTest" name="positiveNumSlotsShouldBeOk" time="0"/>
  <testcase classname="storm.starter.tools.SlotBasedCounterTest" name="positiveNumSlotsShouldBeOk" time="0.001"/>
  <testcase classname="storm.starter.tools.SlotBasedCounterTest" name="shouldIncrementCount" time="0"/>
  <testcase classname="storm.starter.tools.SlotBasedCounterTest" name="shouldIncrementCountOnlyOneSlotAtATime" time="0"/>
  <testcase classname="storm.starter.tools.SlotBasedCounterTest" name="shouldReturnNonEmptyCountsWhenAtLeastOneObjectWasCounted" time="0.001"/>
  <testcase classname="storm.starter.tools.SlotBasedCounterTest" name="shouldReturnZeroForNonexistentObject" time="0.002"/>
  <testcase classname="storm.starter.tools.SlotBasedCounterTest" name="wipeSlotShouldSetAllCountsInSlotToZero" time="0.001"/>
  <testcase classname="storm.starter.tools.SlotBasedCounterTest" name="wipeZerosShouldRemoveAnyObjectsWithZeroTotalCount" time="0.001"/>
  <testcase classname="storm.starter.bolt.TotalRankingsBoltTest" name="negativeOrZeroEmitFrequencyShouldThrowIAE" time="0.001"/>
  <testcase classname="storm.starter.bolt.TotalRankingsBoltTest" name="negativeOrZeroEmitFrequencyShouldThrowIAE" time="0"/>
  <testcase classname="storm.starter.bolt.TotalRankingsBoltTest" name="negativeOrZeroEmitFrequencyShouldThrowIAE" time="0"/>
  <testcase classname="storm.starter.bolt.TotalRankingsBoltTest" name="negativeOrZeroEmitFrequencyShouldThrowIAE" time="0"/>
  <testcase classname="storm.starter.bolt.TotalRankingsBoltTest" name="negativeOrZeroEmitFrequencyShouldThrowIAE" time="0"/>
  <testcase classname="storm.starter.bolt.TotalRankingsBoltTest" name="negativeOrZeroTopNShouldThrowIAE" time="0"/>
  <testcase classname="storm.starter.bolt.TotalRankingsBoltTest" name="negativeOrZeroTopNShouldThrowIAE" time="0"/>
  <testcase classname="storm.starter.bolt.TotalRankingsBoltTest" name="negativeOrZeroTopNShouldThrowIAE" time="0.001"/>
  <testcase classname="storm.starter.bolt.TotalRankingsBoltTest" name="negativeOrZeroTopNShouldThrowIAE" time="0"/>
  <testcase classname="storm.starter.bolt.TotalRankingsBoltTest" name="negativeOrZeroTopNShouldThrowIAE" time="0"/>
  <testcase classname="storm.starter.bolt.TotalRankingsBoltTest" name="positiveEmitFrequencyShouldBeOk" time="0"/>
  <testcase classname="storm.starter.bolt.TotalRankingsBoltTest" name="positiveEmitFrequencyShouldBeOk" time="0"/>
  <testcase classname="storm.starter.bolt.TotalRankingsBoltTest" name="positiveEmitFrequencyShouldBeOk" time="0.001"/>
  <testcase classname="storm.starter.bolt.TotalRankingsBoltTest" name="positiveEmitFrequencyShouldBeOk" time="0"/>
  <testcase classname="storm.starter.bolt.TotalRankingsBoltTest" name="positiveTopNShouldBeOk" time="0.001"/>
  <testcase classname="storm.starter.bolt.TotalRankingsBoltTest" name="positiveTopNShouldBeOk" time="0"/>
  <testcase classname="storm.starter.bolt.TotalRankingsBoltTest" name="positiveTopNShouldBeOk" time="0"/>
  <testcase classname="storm.starter.bolt.TotalRankingsBoltTest" name="positiveTopNShouldBeOk" time="0"/>
  <testcase classname="storm.starter.bolt.TotalRankingsBoltTest" name="shouldDeclareOutputFields" time="0.001"/>
  <testcase classname="storm.starter.bolt.TotalRankingsBoltTest" name="shouldEmitNothingIfNormalTupleIsReceived" time="0.006"/>
  <testcase classname="storm.starter.bolt.TotalRankingsBoltTest" name="shouldEmitSomethingIfTickTupleIsReceived" time="0"/>
  <testcase classname="storm.starter.bolt.TotalRankingsBoltTest" name="shouldSetTickTupleFrequencyInComponentConfigurationToNonZeroValue" time="0.001"/>
</testsuite>